<?xml version="1.0" encoding="utf-8" standalone="no"?>
<test-results xmlns:xsi="http://www.w3.org/2001/XMLSchema-instance" xsi:noNamespaceSchemaLocation="nunit_schema_2.5.xsd" name="Pester" total="23" errors="0" failures="0" not-run="0" inconclusive="0" ignored="0" skipped="0" invalid="0" date="2024-10-21" time="16:54:14">
  <environment clr-version="4.0.30319.42000" user-domain="EDDIE" cwd="D:\Dropbox\Projects\BEE\venvit" platform="Microsoft Windows 10 Pro|C:\WINDOWS|\Device\Harddisk2\Partition3" machine-name="EDDIE" nunit-version="2.5.8.0" os-version="10.0.19045" user="hendr" />
  <culture-info current-culture="en-ZA" current-uiculture="en-US" />
  <test-suite type="TestFixture" name="Pester" executed="True" result="Success" success="True" time="146.0244" asserts="0" description="Pester">
    <results>
      <test-suite type="TestFixture" name="D:\Dropbox\Projects\BEE\venvit\tests\Conclude-UpgradePrep.Tests.ps1" executed="True" result="Success" success="True" time="17.4403" asserts="0" description="D:\Dropbox\Projects\BEE\venvit\tests\Conclude-UpgradePrep.Tests.ps1">
        <results>
          <test-suite type="TestFixture" name="Function testing" executed="True" result="Success" success="True" time="17.3484" asserts="0" description="Function testing">
            <results>
              <test-suite type="TestFixture" name="Function testing.Get-Version" executed="True" result="Success" success="True" time="0.0497" asserts="0" description="Function testing.Get-Version">
                <results>
                  <test-case description="Should get 0.0.0" name="Function testing.Get-Version.Should get 0.0.0" time="0.0212" asserts="0" success="True" result="Success" executed="True" />
                  <test-case description="Should get 6.0.0" name="Function testing.Get-Version.Should get 6.0.0" time="0.0135" asserts="0" success="True" result="Success" executed="True" />
                </results>
              </test-suite>
              <test-suite type="TestFixture" name="Function testing.Invoke-PrepForUpgrade_6_0_0" executed="True" result="Success" success="True" time="17.2698" asserts="0" description="Function testing.Invoke-PrepForUpgrade_6_0_0">
                <results>
                  <test-case description="Should prepare for 6.0.0" name="Function testing.Invoke-PrepForUpgrade_6_0_0.Should prepare for 6.0.0" time="8.5632" asserts="0" success="True" result="Success" executed="True" />
                </results>
              </test-suite>
              <test-suite type="TestFixture" name="Function testing.Update-PackagePrep" executed="True" result="Success" success="True" time="17.3317" asserts="0" description="Function testing.Update-PackagePrep">
                <results>
                  <test-case description="Should apply 6.0.0 and 7.0.0" name="Function testing.Update-PackagePrep.Should apply 6.0.0 and 7.0.0" time="0.0495" asserts="0" success="True" result="Success" executed="True" />
                </results>
              </test-suite>
            </results>
          </test-suite>
        </results>
      </test-suite>
      <test-suite type="TestFixture" name="D:\Dropbox\Projects\BEE\venvit\tests\Install-Conclude.Tests.ps1" executed="True" result="Success" success="True" time="126.6666" asserts="0" description="D:\Dropbox\Projects\BEE\venvit\tests\Install-Conclude.Tests.ps1">
        <results>
          <test-suite type="TestFixture" name="Function testing" executed="True" result="Success" success="True" time="126.605" asserts="0" description="Function testing">
            <results>
              <test-suite type="TestFixture" name="Function testing.New-Directories" executed="True" result="Success" success="True" time="48.7524" asserts="0" description="Function testing.New-Directories">
                <results>
                  <test-case description="Should create all the directories" name="Function testing.New-Directories.Should create all the directories" time="48.744" asserts="0" success="True" result="Success" executed="True" />
                </results>
              </test-suite>
              <test-suite type="TestFixture" name="Function testing.Set-EnvironmentVariables tests" executed="True" result="Success" success="True" time="100.5837" asserts="0" description="Function testing.Set-EnvironmentVariables tests">
                <results>
                  <test-case description="All environment variables have values" name="Function testing.Set-EnvironmentVariables tests.All environment variables have values" time="51.825" asserts="0" success="True" result="Success" executed="True" />
                </results>
              </test-suite>
              <test-suite type="TestFixture" name="Function testing.Test-Admin Function" executed="True" result="Success" success="True" time="100.6312" asserts="0" description="Function testing.Test-Admin Function">
                <results>
                  <test-case description="Returns true if an administrator" name="Function testing.Test-Admin Function.Returns true if an administrator" time="0.0212" asserts="0" success="True" result="Success" executed="True" />
                  <test-case description="Returns false if not an administrator" name="Function testing.Test-Admin Function.Returns false if not an administrator" time="0.0106" asserts="0" success="True" result="Success" executed="True" />
                </results>
              </test-suite>
            </results>
          </test-suite>
        </results>
      </test-suite>
      <test-suite type="TestFixture" name="D:\Dropbox\Projects\BEE\venvit\tests\Install.Tests.ps1" executed="True" result="Success" success="True" time="1.4521" asserts="0" description="D:\Dropbox\Projects\BEE\venvit\tests\Install.Tests.ps1">
        <results>
          <test-suite type="TestFixture" name="Function testing" executed="True" result="Success" success="True" time="1.3821" asserts="0" description="Function testing">
            <results>
              <test-suite type="TestFixture" name="Function testing.Invoke-Install Function Tests" executed="True" result="Success" success="True" time="1.3778" asserts="0" description="Function testing.Invoke-Install Function Tests">
                <results>
                  <test-case description="Should Invoke-ConcludeInstall" name="Function testing.Invoke-Install Function Tests.Should Invoke-ConcludeInstall" time="1.3374" asserts="0" success="True" result="Success" executed="True" />
                </results>
              </test-suite>
            </results>
          </test-suite>
        </results>
      </test-suite>
      <test-suite type="TestFixture" name="D:\Dropbox\Projects\BEE\venvit\tests\Update-Manifest.Tests.ps1" executed="True" result="Success" success="True" time="0.1262" asserts="0" description="D:\Dropbox\Projects\BEE\venvit\tests\Update-Manifest.Tests.ps1">
        <results>
          <test-suite type="TestFixture" name="Function Tests" executed="True" result="Success" success="True" time="0.0708" asserts="0" description="Function Tests">
            <results>
              <test-suite type="TestFixture" name="Function Tests.Convert-PyprojectToml function" executed="True" result="Success" success="True" time="0.0223" asserts="0" description="Function Tests.Convert-PyprojectToml function">
                <results>
                  <test-case description="Should parse pyproject.toml and extract version, authors, and description" name="Function Tests.Convert-PyprojectToml function.Should parse pyproject.toml and extract version, authors, and description" time="0.0173" asserts="0" success="True" result="Success" executed="True" />
                </results>
              </test-suite>
              <test-suite type="TestFixture" name="Function Tests.Invoke-UpdateManifest function" executed="True" result="Success" success="True" time="0.0466" asserts="0" description="Function Tests.Invoke-UpdateManifest function">
                <results>
                  <test-case description="Should create manifest.psd1 if pyproject.toml exists and is valid" name="Function Tests.Invoke-UpdateManifest function.Should create manifest.psd1 if pyproject.toml exists and is valid" time="0.0196" asserts="0" success="True" result="Success" executed="True" />
                </results>
              </test-suite>
              <test-suite type="TestFixture" name="Function Tests.New-ManifestPsd1 function" executed="True" result="Success" success="True" time="0.0623" asserts="0" description="Function Tests.New-ManifestPsd1 function">
                <results>
                  <test-case description="Should create manifest.psd1 with correct data" name="Function Tests.New-ManifestPsd1 function.Should create manifest.psd1 with correct data" time="0.011" asserts="0" success="True" result="Success" executed="True" />
                </results>
              </test-suite>
            </results>
          </test-suite>
        </results>
      </test-suite>
      <test-suite type="TestFixture" name="D:\Dropbox\Projects\BEE\venvit\tests\Utils.Tests.ps1" executed="True" result="Success" success="True" time="0.0694" asserts="0" description="D:\Dropbox\Projects\BEE\venvit\tests\Utils.Tests.ps1">
        <results>
          <test-suite type="TestFixture" name="Function Tests" executed="True" result="Success" success="True" time="0.0215" asserts="0" description="Function Tests">
            <results>
              <test-suite type="TestFixture" name="Function Tests.New-CustomTempDir Test" executed="True" result="Success" success="True" time="0.0158" asserts="0" description="Function Tests.New-CustomTempDir Test">
                <results>
                  <test-case description="Temporary dir with prefix" name="Function Tests.New-CustomTempDir Test.Temporary dir with prefix" time="0.0116" asserts="0" success="True" result="Success" executed="True" />
                </results>
              </test-suite>
            </results>
          </test-suite>
        </results>
      </test-suite>
      <test-suite type="TestFixture" name="D:\Dropbox\Projects\BEE\venvit\tests\vn.Tests.ps1" executed="True" result="Success" success="True" time="0.2699" asserts="0" description="D:\Dropbox\Projects\BEE\venvit\tests\vn.Tests.ps1">
        <results>
          <test-suite type="TestFixture" name="Top level script execution" executed="True" result="Success" success="True" time="0.122" asserts="0" description="Top level script execution">
            <results>
              <test-suite type="TestFixture" name="Top level script execution.When Help parameter is passed" executed="True" result="Success" success="True" time="0.0287" asserts="0" description="Top level script execution.When Help parameter is passed">
                <results>
                  <test-case description="Should call Show-Help function" name="Top level script execution.When Help parameter is passed.Should call Show-Help function" time="0.0242" asserts="0" success="True" result="Success" executed="True" />
                </results>
              </test-suite>
              <test-suite type="TestFixture" name="Top level script execution.When ProjectName is passed and Help is not passed" executed="True" result="Success" success="True" time="0.0602" asserts="0" description="Top level script execution.When ProjectName is passed and Help is not passed">
                <results>
                  <test-case description="Should call Invoke-Vn function with ProjectName" name="Top level script execution.When ProjectName is passed and Help is not passed.Should call Invoke-Vn function with ProjectName" time="0.0269" asserts="0" success="True" result="Success" executed="True" />
                </results>
              </test-suite>
              <test-suite type="TestFixture" name="Top level script execution.When Var01 is an empty string and Help is not passed" executed="True" result="Success" success="True" time="0.0843" asserts="0" description="Top level script execution.When Var01 is an empty string and Help is not passed">
                <results>
                  <test-case description="Should call Show-Help function" name="Top level script execution.When Var01 is an empty string and Help is not passed.Should call Show-Help function" time="0.0197" asserts="0" success="True" result="Success" executed="True" />
                </results>
              </test-suite>
              <test-suite type="TestFixture" name="Top level script execution.When no parameters are passed" executed="True" result="Success" success="True" time="0.1139" asserts="0" description="Top level script execution.When no parameters are passed">
                <results>
                  <test-case description="Should call Show-Help function" name="Top level script execution.When no parameters are passed.Should call Show-Help function" time="0.0239" asserts="0" success="True" result="Success" executed="True" />
                </results>
              </test-suite>
            </results>
          </test-suite>
          <test-suite type="TestFixture" name="Function testing" executed="True" result="Success" success="True" time="0.2128" asserts="0" description="Function testing">
            <results>
              <test-suite type="TestFixture" name="Function testing.Confirm-EnvironmentVariables" executed="True" result="Success" success="True" time="0.0252" asserts="0" description="Function testing.Confirm-EnvironmentVariables">
                <results>
                  <test-case description="Should be true" name="Function testing.Confirm-EnvironmentVariables.Should be true" time="0.011" asserts="0" success="True" result="Success" executed="True" />
                  <test-case description="Should be false" name="Function testing.Confirm-EnvironmentVariables.Should be false" time="0.0074" asserts="0" success="True" result="Success" executed="True" />
                </results>
              </test-suite>
              <test-suite type="TestFixture" name="Function testing.Get-InstallationValues" executed="True" result="Success" success="True" time="0.0404" asserts="0" description="Function testing.Get-InstallationValues">
                <results>
                  <test-case description="All parameters set" name="Function testing.Get-InstallationValues.All parameters set" time="0.0103" asserts="0" success="True" result="Success" executed="True" />
                </results>
              </test-suite>
              <test-suite type="TestFixture" name="Function testing.Get-Value" executed="True" result="Success" success="True" time="0.082" asserts="0" description="Function testing.Get-Value">
                <results>
                  <test-case description="With set values" name="Function testing.Get-Value.With set values" time="0.0079" asserts="0" success="True" result="Success" executed="True" />
                  <test-case description="Read from console" name="Function testing.Get-Value.Read from console" time="0.0159" asserts="0" success="True" result="Success" executed="True" />
                  <test-case description="Get default value" name="Function testing.Get-Value.Get default value" time="0.013" asserts="0" success="True" result="Success" executed="True" />
                </results>
              </test-suite>
            </results>
          </test-suite>
        </results>
      </test-suite>
    </results>
  </test-suite>
</test-results>