<?xml version="1.0" encoding="utf-8" standalone="no"?>
<test-results xmlns:xsi="http://www.w3.org/2001/XMLSchema-instance" xsi:noNamespaceSchemaLocation="nunit_schema_2.5.xsd" name="Pester" total="12" errors="0" failures="0" not-run="0" inconclusive="0" ignored="0" skipped="0" invalid="0" date="2024-10-15" time="13:39:34">
  <environment clr-version="4.0.30319.42000" user-domain="EDDIE" cwd="D:\Dropbox\Projects\BEE\venvit" platform="Microsoft Windows 10 Pro|C:\WINDOWS|\Device\Harddisk2\Partition3" machine-name="EDDIE" nunit-version="2.5.8.0" os-version="10.0.19045" user="hendr" />
  <culture-info current-culture="en-ZA" current-uiculture="en-US" />
  <test-suite type="TestFixture" name="Pester" executed="True" result="Success" success="True" time="0.6497" asserts="0" description="Pester">
    <results>
      <test-suite type="TestFixture" name="D:\Dropbox\Projects\BEE\venvit\tests\Conclude-UpgradePrep.Tests.ps1" executed="True" result="Success" success="True" time="0.1279" asserts="0" description="D:\Dropbox\Projects\BEE\venvit\tests\Conclude-UpgradePrep.Tests.ps1">
        <results>
          <test-suite type="TestFixture" name="Function testing" executed="True" result="Success" success="True" time="0.078" asserts="0" description="Function testing">
            <results>
              <test-suite type="TestFixture" name="Function testing.Get-Version" executed="True" result="Success" success="True" time="0.0332" asserts="0" description="Function testing.Get-Version">
                <results>
                  <test-case description="Should get 0.0.0" name="Function testing.Get-Version.Should get 0.0.0" time="0.011" asserts="0" success="True" result="Success" executed="True" />
                  <test-case description="Should get 6.0.0" name="Function testing.Get-Version.Should get 6.0.0" time="0.0102" asserts="0" success="True" result="Success" executed="True" />
                </results>
              </test-suite>
              <test-suite type="TestFixture" name="Function testing.Update-PackagePrep" executed="True" result="Success" success="True" time="0.0735" asserts="0" description="Function testing.Update-PackagePrep">
                <results>
                  <test-case description="Should apply 6.0.0 and 7.0.0" name="Function testing.Update-PackagePrep.Should apply 6.0.0 and 7.0.0" time="0.0352" asserts="0" success="True" result="Success" executed="True" />
                </results>
              </test-suite>
            </results>
          </test-suite>
        </results>
      </test-suite>
      <test-suite type="TestFixture" name="D:\Dropbox\Projects\BEE\venvit\tests\Install.Tests.ps1" executed="True" result="Success" success="True" time="0.1319" asserts="0" description="D:\Dropbox\Projects\BEE\venvit\tests\Install.Tests.ps1">
        <results>
          <test-suite type="TestFixture" name="Function testing" executed="True" result="Success" success="True" time="0.0856" asserts="0" description="Function testing">
            <results>
              <test-suite type="TestFixture" name="Function testing.Invoke-Install Function Tests" executed="True" result="Success" success="True" time="0.0815" asserts="0" description="Function testing.Invoke-Install Function Tests">
                <results>
                  <test-case description="Shoulsd Invoke-ConcludeInstall" name="Function testing.Invoke-Install Function Tests.Shoulsd Invoke-ConcludeInstall" time="0.0673" asserts="0" success="True" result="Success" executed="True" />
                </results>
              </test-suite>
            </results>
          </test-suite>
        </results>
      </test-suite>
      <test-suite type="TestFixture" name="D:\Dropbox\Projects\BEE\venvit\tests\Update-Manifest.Tests.ps1" executed="True" result="Success" success="True" time="0.1263" asserts="0" description="D:\Dropbox\Projects\BEE\venvit\tests\Update-Manifest.Tests.ps1">
        <results>
          <test-suite type="TestFixture" name="Function Tests" executed="True" result="Success" success="True" time="0.0784" asserts="0" description="Function Tests">
            <results>
              <test-suite type="TestFixture" name="Function Tests.Convert-PyprojectToml function" executed="True" result="Success" success="True" time="0.0224" asserts="0" description="Function Tests.Convert-PyprojectToml function">
                <results>
                  <test-case description="Should parse pyproject.toml and extract version, authors, and description" name="Function Tests.Convert-PyprojectToml function.Should parse pyproject.toml and extract version, authors, and description" time="0.0175" asserts="0" success="True" result="Success" executed="True" />
                </results>
              </test-suite>
              <test-suite type="TestFixture" name="Function Tests.Invoke-UpdateManifest function" executed="True" result="Success" success="True" time="0.0519" asserts="0" description="Function Tests.Invoke-UpdateManifest function">
                <results>
                  <test-case description="Should create manifest.psd1 if pyproject.toml exists and is valid" name="Function Tests.Invoke-UpdateManifest function.Should create manifest.psd1 if pyproject.toml exists and is valid" time="0.0244" asserts="0" success="True" result="Success" executed="True" />
                </results>
              </test-suite>
              <test-suite type="TestFixture" name="Function Tests.New-ManifestPsd1 function" executed="True" result="Success" success="True" time="0.0698" asserts="0" description="Function Tests.New-ManifestPsd1 function">
                <results>
                  <test-case description="Should create manifest.psd1 with correct data" name="Function Tests.New-ManifestPsd1 function.Should create manifest.psd1 with correct data" time="0.0132" asserts="0" success="True" result="Success" executed="True" />
                </results>
              </test-suite>
            </results>
          </test-suite>
        </results>
      </test-suite>
      <test-suite type="TestFixture" name="D:\Dropbox\Projects\BEE\venvit\tests\Utils.Tests.ps1" executed="True" result="Success" success="True" time="0.0706" asserts="0" description="D:\Dropbox\Projects\BEE\venvit\tests\Utils.Tests.ps1">
        <results>
          <test-suite type="TestFixture" name="Function Tests" executed="True" result="Success" success="True" time="0.0219" asserts="0" description="Function Tests">
            <results>
              <test-suite type="TestFixture" name="Function Tests.New-CustomTempDir Test" executed="True" result="Success" success="True" time="0.0174" asserts="0" description="Function Tests.New-CustomTempDir Test">
                <results>
                  <test-case description="Temporary dir with prefix" name="Function Tests.New-CustomTempDir Test.Temporary dir with prefix" time="0.013" asserts="0" success="True" result="Success" executed="True" />
                </results>
              </test-suite>
            </results>
          </test-suite>
        </results>
      </test-suite>
      <test-suite type="TestFixture" name="D:\Dropbox\Projects\BEE\venvit\tests\vn.Tests.ps1" executed="True" result="Success" success="True" time="0.1847" asserts="0" description="D:\Dropbox\Projects\BEE\venvit\tests\vn.Tests.ps1">
        <results>
          <test-suite type="TestFixture" name="Top level script execution" executed="True" result="Success" success="True" time="0.1342" asserts="0" description="Top level script execution">
            <results>
              <test-suite type="TestFixture" name="Top level script execution.When Help parameter is passed" executed="True" result="Success" success="True" time="0.0325" asserts="0" description="Top level script execution.When Help parameter is passed">
                <results>
                  <test-case description="Should call Show-Help function" name="Top level script execution.When Help parameter is passed.Should call Show-Help function" time="0.0281" asserts="0" success="True" result="Success" executed="True" />
                </results>
              </test-suite>
              <test-suite type="TestFixture" name="Top level script execution.When ProjectName is passed and Help is not passed" executed="True" result="Success" success="True" time="0.0692" asserts="0" description="Top level script execution.When ProjectName is passed and Help is not passed">
                <results>
                  <test-case description="Should call Invoke-Vn function with ProjectName" name="Top level script execution.When ProjectName is passed and Help is not passed.Should call Invoke-Vn function with ProjectName" time="0.029" asserts="0" success="True" result="Success" executed="True" />
                </results>
              </test-suite>
              <test-suite type="TestFixture" name="Top level script execution.When Var01 is an empty string and Help is not passed" executed="True" result="Success" success="True" time="0.0993" asserts="0" description="Top level script execution.When Var01 is an empty string and Help is not passed">
                <results>
                  <test-case description="Should call Show-Help function" name="Top level script execution.When Var01 is an empty string and Help is not passed.Should call Show-Help function" time="0.0251" asserts="0" success="True" result="Success" executed="True" />
                </results>
              </test-suite>
              <test-suite type="TestFixture" name="Top level script execution.When no parameters are passed" executed="True" result="Success" success="True" time="0.1269" asserts="0" description="Top level script execution.When no parameters are passed">
                <results>
                  <test-case description="Should call Show-Help function" name="Top level script execution.When no parameters are passed.Should call Show-Help function" time="0.0232" asserts="0" success="True" result="Success" executed="True" />
                </results>
              </test-suite>
            </results>
          </test-suite>
        </results>
      </test-suite>
    </results>
  </test-suite>
</test-results>